c:\studies\studies\dae\2º year\graphics programming 1\lab\graphics-programming-1\gp1_raytracer_alejandro_roca_vandesype_2dae09\source\tempfiles\debug\vc143.pdb
c:\studies\studies\dae\2º year\graphics programming 1\lab\graphics-programming-1\gp1_raytracer_alejandro_roca_vandesype_2dae09\source\tempfiles\debug\vc143.idb
c:\studies\studies\dae\2º year\graphics programming 1\lab\graphics-programming-1\gp1_raytracer_alejandro_roca_vandesype_2dae09\source\tempfiles\debug\vector4.obj
c:\studies\studies\dae\2º year\graphics programming 1\lab\graphics-programming-1\gp1_raytracer_alejandro_roca_vandesype_2dae09\source\tempfiles\debug\vector3.obj
c:\studies\studies\dae\2º year\graphics programming 1\lab\graphics-programming-1\gp1_raytracer_alejandro_roca_vandesype_2dae09\source\tempfiles\debug\main.obj
c:\studies\studies\dae\2º year\graphics programming 1\lab\graphics-programming-1\gp1_raytracer_alejandro_roca_vandesype_2dae09\source\tempfiles\debug\timer.obj
c:\studies\studies\dae\2º year\graphics programming 1\lab\graphics-programming-1\gp1_raytracer_alejandro_roca_vandesype_2dae09\source\tempfiles\debug\matrix.obj
c:\studies\studies\dae\2º year\graphics programming 1\lab\graphics-programming-1\gp1_raytracer_alejandro_roca_vandesype_2dae09\source\tempfiles\debug\scene.obj
c:\studies\studies\dae\2º year\graphics programming 1\lab\graphics-programming-1\gp1_raytracer_alejandro_roca_vandesype_2dae09\source\tempfiles\debug\renderer.obj
c:\studies\studies\dae\2º year\graphics programming 1\lab\graphics-programming-1\gp1_raytracer_alejandro_roca_vandesype_2dae09\bin\debug\raytracer.exe
c:\studies\studies\dae\2º year\graphics programming 1\lab\graphics-programming-1\gp1_raytracer_alejandro_roca_vandesype_2dae09\source\tempfiles\debug\raytracer.ilk
c:\studies\studies\dae\2º year\graphics programming 1\lab\graphics-programming-1\gp1_raytracer_alejandro_roca_vandesype_2dae09\bin\debug\raytracer.pdb
c:\studies\studies\dae\2º year\graphics programming 1\lab\graphics-programming-1\gp1_raytracer_alejandro_roca_vandesype_2dae09\source\tempfiles\debug\renderer.obj.enc
c:\studies\studies\dae\2º year\graphics programming 1\lab\graphics-programming-1\gp1_raytracer_alejandro_roca_vandesype_2dae09\source\tempfiles\debug\scene.obj.enc
c:\studies\studies\dae\2º year\graphics programming 1\lab\graphics-programming-1\gp1_raytracer_alejandro_roca_vandesype_2dae09\source\..\bin\debug\raytracer.pdb
c:\studies\studies\dae\2º year\graphics programming 1\lab\graphics-programming-1\gp1_raytracer_alejandro_roca_vandesype_2dae09\source\tempfiles\debug\raytracer.tlog\cl.command.1.tlog
c:\studies\studies\dae\2º year\graphics programming 1\lab\graphics-programming-1\gp1_raytracer_alejandro_roca_vandesype_2dae09\source\tempfiles\debug\raytracer.tlog\cl.read.1.tlog
c:\studies\studies\dae\2º year\graphics programming 1\lab\graphics-programming-1\gp1_raytracer_alejandro_roca_vandesype_2dae09\source\tempfiles\debug\raytracer.tlog\cl.write.1.tlog
c:\studies\studies\dae\2º year\graphics programming 1\lab\graphics-programming-1\gp1_raytracer_alejandro_roca_vandesype_2dae09\source\tempfiles\debug\raytracer.tlog\link.command.1.tlog
c:\studies\studies\dae\2º year\graphics programming 1\lab\graphics-programming-1\gp1_raytracer_alejandro_roca_vandesype_2dae09\source\tempfiles\debug\raytracer.tlog\link.read.1.tlog
c:\studies\studies\dae\2º year\graphics programming 1\lab\graphics-programming-1\gp1_raytracer_alejandro_roca_vandesype_2dae09\source\tempfiles\debug\raytracer.tlog\link.write.1.tlog
