  Renderer.cpp
C:\Studies\Studies\DAE\2º year\Graphics Programming 1\Lab\Graphics-Programming-1\GP1_Rasterizer_Alejandro_Roca_VandeSype_2DAE09\Rasterizer\src\Renderer.cpp(514,18): warning C4244: '=': conversion from 'const _Ty' to 'int', possible loss of data
          with
          [
              _Ty=float
          ]
C:\Studies\Studies\DAE\2º year\Graphics Programming 1\Lab\Graphics-Programming-1\GP1_Rasterizer_Alejandro_Roca_VandeSype_2DAE09\Rasterizer\src\Renderer.cpp(515,18): warning C4244: '=': conversion from 'const _Ty' to 'int', possible loss of data
          with
          [
              _Ty=float
          ]
C:\Studies\Studies\DAE\2º year\Graphics Programming 1\Lab\Graphics-Programming-1\GP1_Rasterizer_Alejandro_Roca_VandeSype_2DAE09\Rasterizer\src\Renderer.cpp(516,18): warning C4244: '=': conversion from 'const _Ty' to 'int', possible loss of data
          with
          [
              _Ty=float
          ]
C:\Studies\Studies\DAE\2º year\Graphics Programming 1\Lab\Graphics-Programming-1\GP1_Rasterizer_Alejandro_Roca_VandeSype_2DAE09\Rasterizer\src\Renderer.cpp(517,18): warning C4244: '=': conversion from 'const _Ty' to 'int', possible loss of data
          with
          [
              _Ty=float
          ]
C:\Studies\Studies\DAE\2º year\Graphics Programming 1\Lab\Graphics-Programming-1\GP1_Rasterizer_Alejandro_Roca_VandeSype_2DAE09\Rasterizer\src\Renderer.cpp(1131,17): warning C4244: '=': conversion from 'const _Ty' to 'int', possible loss of data
          with
          [
              _Ty=float
          ]
C:\Studies\Studies\DAE\2º year\Graphics Programming 1\Lab\Graphics-Programming-1\GP1_Rasterizer_Alejandro_Roca_VandeSype_2DAE09\Rasterizer\src\Renderer.cpp(1132,17): warning C4244: '=': conversion from 'const _Ty' to 'int', possible loss of data
          with
          [
              _Ty=float
          ]
C:\Studies\Studies\DAE\2º year\Graphics Programming 1\Lab\Graphics-Programming-1\GP1_Rasterizer_Alejandro_Roca_VandeSype_2DAE09\Rasterizer\src\Renderer.cpp(1133,17): warning C4244: '=': conversion from 'const _Ty' to 'int', possible loss of data
          with
          [
              _Ty=float
          ]
C:\Studies\Studies\DAE\2º year\Graphics Programming 1\Lab\Graphics-Programming-1\GP1_Rasterizer_Alejandro_Roca_VandeSype_2DAE09\Rasterizer\src\Renderer.cpp(1134,17): warning C4244: '=': conversion from 'const _Ty' to 'int', possible loss of data
          with
          [
              _Ty=float
          ]
  Rasterizer.vcxproj -> C:\Studies\Studies\DAE\2º year\Graphics Programming 1\Lab\Graphics-Programming-1\GP1_Rasterizer_Alejandro_Roca_VandeSype_2DAE09\bin\x64\Debug\Rasterizer.exe
  0 File(s) copied
  0 File(s) copied
  0 File(s) copied
  0 File(s) copied
  0 File(s) copied
  0 File(s) copied
