  Renderer.cpp
C:\Studies\Studies\DAE\2º year\Graphics Programming 1\Lab\Graphics-Programming-1\GP1_Rasterizer_Alejandro_Roca_VandeSype_2DAE09\Rasterizer\src\Renderer.cpp(499,18): warning C4244: '=': conversion from 'const _Ty' to 'int', possible loss of data
          with
          [
              _Ty=float
          ]
C:\Studies\Studies\DAE\2º year\Graphics Programming 1\Lab\Graphics-Programming-1\GP1_Rasterizer_Alejandro_Roca_VandeSype_2DAE09\Rasterizer\src\Renderer.cpp(500,18): warning C4244: '=': conversion from 'const _Ty' to 'int', possible loss of data
          with
          [
              _Ty=float
          ]
C:\Studies\Studies\DAE\2º year\Graphics Programming 1\Lab\Graphics-Programming-1\GP1_Rasterizer_Alejandro_Roca_VandeSype_2DAE09\Rasterizer\src\Renderer.cpp(501,18): warning C4244: '=': conversion from 'const _Ty' to 'int', possible loss of data
          with
          [
              _Ty=float
          ]
C:\Studies\Studies\DAE\2º year\Graphics Programming 1\Lab\Graphics-Programming-1\GP1_Rasterizer_Alejandro_Roca_VandeSype_2DAE09\Rasterizer\src\Renderer.cpp(502,18): warning C4244: '=': conversion from 'const _Ty' to 'int', possible loss of data
          with
          [
              _Ty=float
          ]
  main.cpp
  Generating code
  4 of 206 functions ( 1.9%) were compiled, the rest were copied from previous compilation.
    0 functions were new in current compilation
    4 functions had inline decision re-evaluated but remain unchanged
  Finished generating code
  Rasterizer.vcxproj -> C:\Studies\Studies\DAE\2º year\Graphics Programming 1\Lab\Graphics-Programming-1\GP1_Rasterizer_Alejandro_Roca_VandeSype_2DAE09\bin\x64\Release\Rasterizer.exe
  0 File(s) copied
  0 File(s) copied
  0 File(s) copied
  0 File(s) copied
  0 File(s) copied
  0 File(s) copied
