c:\studies\studies\dae\2º year\graphics programming 1\lab\graphics-programming-1\gp1_directx_starter\source\tempfiles\debug\directx.pch
c:\studies\studies\dae\2º year\graphics programming 1\lab\graphics-programming-1\gp1_directx_starter\source\tempfiles\debug\vc143.pdb
c:\studies\studies\dae\2º year\graphics programming 1\lab\graphics-programming-1\gp1_directx_starter\source\tempfiles\debug\vc143.idb
c:\studies\studies\dae\2º year\graphics programming 1\lab\graphics-programming-1\gp1_directx_starter\source\tempfiles\debug\pch.obj
c:\studies\studies\dae\2º year\graphics programming 1\lab\graphics-programming-1\gp1_directx_starter\source\tempfiles\debug\vector4.obj
c:\studies\studies\dae\2º year\graphics programming 1\lab\graphics-programming-1\gp1_directx_starter\source\tempfiles\debug\vector3.obj
c:\studies\studies\dae\2º year\graphics programming 1\lab\graphics-programming-1\gp1_directx_starter\source\tempfiles\debug\vector2.obj
c:\studies\studies\dae\2º year\graphics programming 1\lab\graphics-programming-1\gp1_directx_starter\source\tempfiles\debug\main.obj
c:\studies\studies\dae\2º year\graphics programming 1\lab\graphics-programming-1\gp1_directx_starter\source\tempfiles\debug\timer.obj
c:\studies\studies\dae\2º year\graphics programming 1\lab\graphics-programming-1\gp1_directx_starter\source\tempfiles\debug\renderer.obj
c:\studies\studies\dae\2º year\graphics programming 1\lab\graphics-programming-1\gp1_directx_starter\source\tempfiles\debug\matrix.obj
c:\studies\studies\dae\2º year\graphics programming 1\lab\graphics-programming-1\gp1_directx_starter\source\tempfiles\debug\directx.ilk
c:\studies\studies\dae\2º year\graphics programming 1\lab\graphics-programming-1\gp1_directx_starter\bin\debug\directx.exe
c:\studies\studies\dae\2º year\graphics programming 1\lab\graphics-programming-1\gp1_directx_starter\bin\debug\directx.pdb
c:\studies\studies\dae\2º year\graphics programming 1\lab\graphics-programming-1\gp1_directx_starter\source\..\bin\debug\directx.pdb
c:\studies\studies\dae\2º year\graphics programming 1\lab\graphics-programming-1\gp1_directx_starter\source\tempfiles\debug\directx.tlog\cl.command.1.tlog
c:\studies\studies\dae\2º year\graphics programming 1\lab\graphics-programming-1\gp1_directx_starter\source\tempfiles\debug\directx.tlog\cl.read.1.tlog
c:\studies\studies\dae\2º year\graphics programming 1\lab\graphics-programming-1\gp1_directx_starter\source\tempfiles\debug\directx.tlog\cl.write.1.tlog
c:\studies\studies\dae\2º year\graphics programming 1\lab\graphics-programming-1\gp1_directx_starter\source\tempfiles\debug\directx.tlog\link.command.1.tlog
c:\studies\studies\dae\2º year\graphics programming 1\lab\graphics-programming-1\gp1_directx_starter\source\tempfiles\debug\directx.tlog\link.read.1.tlog
c:\studies\studies\dae\2º year\graphics programming 1\lab\graphics-programming-1\gp1_directx_starter\source\tempfiles\debug\directx.tlog\link.write.1.tlog
