c:\studies\studies\dae\2º year\graphics programming 1\lab\graphics-programming-1\gp1_directx_starter\source\tempfiles\release\directx.pch
c:\studies\studies\dae\2º year\graphics programming 1\lab\graphics-programming-1\gp1_directx_starter\source\tempfiles\release\vc143.pdb
c:\studies\studies\dae\2º year\graphics programming 1\lab\graphics-programming-1\gp1_directx_starter\source\tempfiles\release\pch.obj
c:\studies\studies\dae\2º year\graphics programming 1\lab\graphics-programming-1\gp1_directx_starter\source\tempfiles\release\vector4.obj
c:\studies\studies\dae\2º year\graphics programming 1\lab\graphics-programming-1\gp1_directx_starter\source\tempfiles\release\vector3.obj
c:\studies\studies\dae\2º year\graphics programming 1\lab\graphics-programming-1\gp1_directx_starter\source\tempfiles\release\vector2.obj
c:\studies\studies\dae\2º year\graphics programming 1\lab\graphics-programming-1\gp1_directx_starter\source\tempfiles\release\main.obj
c:\studies\studies\dae\2º year\graphics programming 1\lab\graphics-programming-1\gp1_directx_starter\source\tempfiles\release\timer.obj
c:\studies\studies\dae\2º year\graphics programming 1\lab\graphics-programming-1\gp1_directx_starter\source\tempfiles\release\texture.obj
c:\studies\studies\dae\2º year\graphics programming 1\lab\graphics-programming-1\gp1_directx_starter\source\tempfiles\release\renderer.obj
c:\studies\studies\dae\2º year\graphics programming 1\lab\graphics-programming-1\gp1_directx_starter\source\tempfiles\release\mesh.obj
c:\studies\studies\dae\2º year\graphics programming 1\lab\graphics-programming-1\gp1_directx_starter\source\tempfiles\release\matrix.obj
c:\studies\studies\dae\2º year\graphics programming 1\lab\graphics-programming-1\gp1_directx_starter\source\tempfiles\release\effect.obj
c:\studies\studies\dae\2º year\graphics programming 1\lab\graphics-programming-1\gp1_directx_starter\source\tempfiles\release\camera.obj
c:\studies\studies\dae\2º year\graphics programming 1\lab\graphics-programming-1\gp1_directx_starter\bin\release\directx.exe
c:\studies\studies\dae\2º year\graphics programming 1\lab\graphics-programming-1\gp1_directx_starter\source\tempfiles\release\directx.ipdb
c:\studies\studies\dae\2º year\graphics programming 1\lab\graphics-programming-1\gp1_directx_starter\bin\release\directx.pdb
c:\studies\studies\dae\2º year\graphics programming 1\lab\graphics-programming-1\gp1_directx_starter\source\tempfiles\release\directx.iobj
c:\studies\studies\dae\2º year\graphics programming 1\lab\graphics-programming-1\gp1_directx_starter\source\..\bin\release\directx.pdb
c:\studies\studies\dae\2º year\graphics programming 1\lab\graphics-programming-1\gp1_directx_starter\source\tempfiles\release\directx.tlog\cl.command.1.tlog
c:\studies\studies\dae\2º year\graphics programming 1\lab\graphics-programming-1\gp1_directx_starter\source\tempfiles\release\directx.tlog\cl.read.1.tlog
c:\studies\studies\dae\2º year\graphics programming 1\lab\graphics-programming-1\gp1_directx_starter\source\tempfiles\release\directx.tlog\cl.write.1.tlog
c:\studies\studies\dae\2º year\graphics programming 1\lab\graphics-programming-1\gp1_directx_starter\source\tempfiles\release\directx.tlog\link.command.1.tlog
c:\studies\studies\dae\2º year\graphics programming 1\lab\graphics-programming-1\gp1_directx_starter\source\tempfiles\release\directx.tlog\link.read.1.tlog
c:\studies\studies\dae\2º year\graphics programming 1\lab\graphics-programming-1\gp1_directx_starter\source\tempfiles\release\directx.tlog\link.write.1.tlog
