  pch.cpp
  Camera.cpp
  Effect.cpp
  Matrix.cpp
  Mesh.cpp
  Renderer.cpp
  Timer.cpp
  main.cpp
  Vector2.cpp
  Vector3.cpp
  Vector4.cpp
  Generating code
  Previous IPDB not found, fall back to full compilation.
  All 309 functions were compiled because no usable IPDB/IOBJ from previous compilation was found.
  Finished generating code
dx11effects.lib(EffectAPI.obj) : warning LNK4099: PDB '' was not found with 'dx11effects.lib(EffectAPI.obj)' or at ''; linking object as if no debug info
dx11effects.lib(EffectNonRuntime.obj) : warning LNK4099: PDB '' was not found with 'dx11effects.lib(EffectNonRuntime.obj)' or at ''; linking object as if no debug info
dx11effects.lib(EffectLoad.obj) : warning LNK4099: PDB '' was not found with 'dx11effects.lib(EffectLoad.obj)' or at ''; linking object as if no debug info
dx11effects.lib(d3dxGlobal.obj) : warning LNK4099: PDB '' was not found with 'dx11effects.lib(d3dxGlobal.obj)' or at ''; linking object as if no debug info
dx11effects.lib(EffectReflection.obj) : warning LNK4099: PDB '' was not found with 'dx11effects.lib(EffectReflection.obj)' or at ''; linking object as if no debug info
dx11effects.lib(EffectRuntime.obj) : warning LNK4099: PDB '' was not found with 'dx11effects.lib(EffectRuntime.obj)' or at ''; linking object as if no debug info
  DirectX.vcxproj -> C:\Studies\Studies\DAE\2º year\Graphics Programming 1\Lab\Graphics-Programming-1\GP1_DirectX_Starter\bin\Release\DirectX.exe
  0 File(s) copied
  0 File(s) copied
  0 File(s) copied
  0 File(s) copied
  0 File(s) copied
  C:\Studies\Studies\DAE\2º year\Graphics Programming 1\Lab\Graphics-Programming-1\GP1_DirectX_Starter\source\Resources\PosCol3D.fx
  1 File(s) copied
