  Matrix.cpp
  Renderer.cpp
  Scene.cpp
  Timer.cpp
  main.cpp
  Vector3.cpp
  Vector4.cpp
  Generating code
  Previous IPDB not found, fall back to full compilation.
  All 569 functions were compiled because no usable IPDB/IOBJ from previous compilation was found.
  Finished generating code
  RayTracer.vcxproj -> C:\Studies\Studies\DAE\2º year\Graphics Programming 1\Lab\GP1_Raytracer-main\bin\Release\RayTracer.exe
  C:\Studies\Studies\DAE\2º year\Graphics Programming 1\Lab\GP1_Raytracer-main\source\..\lib\SDL2-2.28.3\x64\SDL2.dll
  1 File(s) copied
  C:\Studies\Studies\DAE\2º year\Graphics Programming 1\Lab\GP1_Raytracer-main\source\..\lib\vld\x64\vld_x64.dll
  1 File(s) copied
  C:\Studies\Studies\DAE\2º year\Graphics Programming 1\Lab\GP1_Raytracer-main\source\..\lib\vld\x64\dbghelp.dll
  1 File(s) copied
  C:\Studies\Studies\DAE\2º year\Graphics Programming 1\Lab\GP1_Raytracer-main\source\..\lib\vld\x64\Microsoft.DTfW.DHL.manifest
  1 File(s) copied
