c:\studies\studies\dae\2º year\graphics programming 1\lab\graphics-programming-1\gp1_raytracer_alejandro_roca_vandesype_2dae09\source\tempfiles\release\vc143.pdb
c:\studies\studies\dae\2º year\graphics programming 1\lab\graphics-programming-1\gp1_raytracer_alejandro_roca_vandesype_2dae09\source\tempfiles\release\vector4.obj
c:\studies\studies\dae\2º year\graphics programming 1\lab\graphics-programming-1\gp1_raytracer_alejandro_roca_vandesype_2dae09\source\tempfiles\release\vector3.obj
c:\studies\studies\dae\2º year\graphics programming 1\lab\graphics-programming-1\gp1_raytracer_alejandro_roca_vandesype_2dae09\source\tempfiles\release\main.obj
c:\studies\studies\dae\2º year\graphics programming 1\lab\graphics-programming-1\gp1_raytracer_alejandro_roca_vandesype_2dae09\source\tempfiles\release\timer.obj
c:\studies\studies\dae\2º year\graphics programming 1\lab\graphics-programming-1\gp1_raytracer_alejandro_roca_vandesype_2dae09\source\tempfiles\release\scene.obj
c:\studies\studies\dae\2º year\graphics programming 1\lab\graphics-programming-1\gp1_raytracer_alejandro_roca_vandesype_2dae09\source\tempfiles\release\renderer.obj
c:\studies\studies\dae\2º year\graphics programming 1\lab\graphics-programming-1\gp1_raytracer_alejandro_roca_vandesype_2dae09\source\tempfiles\release\matrix.obj
c:\studies\studies\dae\2º year\graphics programming 1\lab\graphics-programming-1\gp1_raytracer_alejandro_roca_vandesype_2dae09\bin\release\raytracer.exe
c:\studies\studies\dae\2º year\graphics programming 1\lab\graphics-programming-1\gp1_raytracer_alejandro_roca_vandesype_2dae09\source\tempfiles\release\raytracer.ipdb
c:\studies\studies\dae\2º year\graphics programming 1\lab\graphics-programming-1\gp1_raytracer_alejandro_roca_vandesype_2dae09\bin\release\raytracer.pdb
c:\studies\studies\dae\2º year\graphics programming 1\lab\graphics-programming-1\gp1_raytracer_alejandro_roca_vandesype_2dae09\source\tempfiles\release\raytracer.iobj
c:\studies\studies\dae\2º year\graphics programming 1\lab\graphics-programming-1\gp1_raytracer_alejandro_roca_vandesype_2dae09\source\tempfiles\release\main.nativecodeanalysis.xml
c:\studies\studies\dae\2º year\graphics programming 1\lab\graphics-programming-1\gp1_raytracer_alejandro_roca_vandesype_2dae09\source\tempfiles\release\matrix.nativecodeanalysis.xml
c:\studies\studies\dae\2º year\graphics programming 1\lab\graphics-programming-1\gp1_raytracer_alejandro_roca_vandesype_2dae09\source\tempfiles\release\renderer.nativecodeanalysis.xml
c:\studies\studies\dae\2º year\graphics programming 1\lab\graphics-programming-1\gp1_raytracer_alejandro_roca_vandesype_2dae09\source\tempfiles\release\scene.nativecodeanalysis.xml
c:\studies\studies\dae\2º year\graphics programming 1\lab\graphics-programming-1\gp1_raytracer_alejandro_roca_vandesype_2dae09\source\tempfiles\release\timer.nativecodeanalysis.xml
c:\studies\studies\dae\2º year\graphics programming 1\lab\graphics-programming-1\gp1_raytracer_alejandro_roca_vandesype_2dae09\source\tempfiles\release\vc.nativecodeanalysis.all.xml
c:\studies\studies\dae\2º year\graphics programming 1\lab\graphics-programming-1\gp1_raytracer_alejandro_roca_vandesype_2dae09\source\tempfiles\release\vector3.nativecodeanalysis.xml
c:\studies\studies\dae\2º year\graphics programming 1\lab\graphics-programming-1\gp1_raytracer_alejandro_roca_vandesype_2dae09\source\tempfiles\release\vector4.nativecodeanalysis.xml
c:\studies\studies\dae\2º year\graphics programming 1\lab\graphics-programming-1\gp1_raytracer_alejandro_roca_vandesype_2dae09\source\..\bin\release\raytracer.pdb
c:\studies\studies\dae\2º year\graphics programming 1\lab\graphics-programming-1\gp1_raytracer_alejandro_roca_vandesype_2dae09\source\tempfiles\release\raytracer.tlog\cl.command.1.tlog
c:\studies\studies\dae\2º year\graphics programming 1\lab\graphics-programming-1\gp1_raytracer_alejandro_roca_vandesype_2dae09\source\tempfiles\release\raytracer.tlog\cl.read.1.tlog
c:\studies\studies\dae\2º year\graphics programming 1\lab\graphics-programming-1\gp1_raytracer_alejandro_roca_vandesype_2dae09\source\tempfiles\release\raytracer.tlog\cl.write.1.tlog
c:\studies\studies\dae\2º year\graphics programming 1\lab\graphics-programming-1\gp1_raytracer_alejandro_roca_vandesype_2dae09\source\tempfiles\release\raytracer.tlog\link.command.1.tlog
c:\studies\studies\dae\2º year\graphics programming 1\lab\graphics-programming-1\gp1_raytracer_alejandro_roca_vandesype_2dae09\source\tempfiles\release\raytracer.tlog\link.read.1.tlog
c:\studies\studies\dae\2º year\graphics programming 1\lab\graphics-programming-1\gp1_raytracer_alejandro_roca_vandesype_2dae09\source\tempfiles\release\raytracer.tlog\link.write.1.tlog
